<?xml version="1.0" encoding="UTF-8"?>
<!-- Generated by org.testng.reporters.JUnitReportReporter -->
<testsuite skipped="0" hostname="DESKTOP-IU1GGN2" name="Test.DemoTest" tests="1" failures="0" timestamp="21 Jul 2019 07:35:18 GMT" time="0.015" errors="0">
  <testcase name="test" time="0.015" classname="Test.DemoTest"/>
</testsuite> <!-- Test.DemoTest -->
